
Jan 30, 2012 23:24:46.34 NEW SESSION
Jan 30, 2012 23:24:46.34 Running global cleanup code from study base classes.

Feb 02, 2012 13:47:56.56 NEW SESSION
Feb 02, 2012 13:47:56.56 Running global cleanup code from study base classes.
Feb 02, 2012 14:03:01.83 Running global cleanup code from study base classes.

Feb 02, 2012 17:05:17.11 NEW SESSION
Feb 02, 2012 17:05:17.12 Running global cleanup code from study base classes.
Feb 02, 2012 17:06:55.33 Running global cleanup code from study base classes.
Feb 02, 2012 17:09:26.05 Running global cleanup code from study base classes.
Feb 02, 2012 17:11:50.78 Running global cleanup code from study base classes.

Feb 03, 2012 13:27:45.53 NEW SESSION
Feb 03, 2012 13:27:45.53 Running global cleanup code from study base classes.
Feb 03, 2012 13:28:44.89 Running global cleanup code from study base classes.

Feb 03, 2012 14:42:54.31 NEW SESSION
Feb 03, 2012 14:42:54.31 Running global cleanup code from study base classes.
Feb 03, 2012 14:48:08.91 Running global cleanup code from study base classes.
Feb 03, 2012 14:52:18.38 Running global cleanup code from study base classes.
Feb 03, 2012 14:54:14.20 Running global cleanup code from study base classes.
Feb 03, 2012 15:06:51.81 Running global cleanup code from study base classes.
Feb 03, 2012 15:10:00.31 Running global cleanup code from study base classes.

Feb 04, 2012 15:24:44.02 NEW SESSION
Feb 04, 2012 15:24:44.02 Running global cleanup code from study base classes.
Feb 04, 2012 16:57:37.66 Running global cleanup code from study base classes.
Feb 04, 2012 17:11:27.88 Running global cleanup code from study base classes.

Feb 06, 2012 15:37:36.55 NEW SESSION
Feb 06, 2012 15:37:36.55 Running global cleanup code from study base classes.
Feb 06, 2012 16:54:33.64 Running global cleanup code from study base classes.
Feb 06, 2012 17:11:18.91 Running global cleanup code from study base classes.
Feb 06, 2012 17:31:37.31 Running global cleanup code from study base classes.
Feb 06, 2012 17:34:19.16 Running global cleanup code from study base classes.

Feb 07, 2012 23:34:01.34 NEW SESSION
Feb 07, 2012 23:34:01.34 Running global cleanup code from study base classes.
Feb 07, 2012 23:41:15.13 Running global cleanup code from study base classes.

Feb 08, 2012 24:28:43.42 NEW SESSION
Feb 08, 2012 24:28:43.42 Running global cleanup code from study base classes.
Feb 08, 2012 24:30:15.36 Running global cleanup code from study base classes.
Feb 08, 2012 24:36:53.38 Running global cleanup code from study base classes.
Feb 08, 2012 01:11:32.41 Running global cleanup code from study base classes.
Feb 08, 2012 01:13:22.36 Running global cleanup code from study base classes.
Feb 08, 2012 01:51:04.67 Running global cleanup code from study base classes.
Feb 08, 2012 02:01:10.77 Running global cleanup code from study base classes.

Feb 08, 2012 11:33:47.80 NEW SESSION
Feb 08, 2012 11:33:47.80 Running global cleanup code from study base classes.
Feb 08, 2012 12:18:44.69 Running global cleanup code from study base classes.
Feb 08, 2012 12:22:03.97 Running global cleanup code from study base classes.
Feb 08, 2012 12:26:25.69 Running global cleanup code from study base classes.
Feb 08, 2012 12:55:34.36 Running global cleanup code from study base classes.
Feb 08, 2012 13:03:03.83 Running global cleanup code from study base classes.
Feb 08, 2012 13:07:16.41 Running global cleanup code from study base classes.

Feb 08, 2012 14:57:18.42 NEW SESSION
Feb 08, 2012 14:57:18.42 Running global cleanup code from study base classes.
Feb 08, 2012 15:02:33.86 Running global cleanup code from study base classes.
Feb 08, 2012 15:07:06.08 Running global cleanup code from study base classes.
Feb 08, 2012 15:22:11.47 Running global cleanup code from study base classes.
Feb 08, 2012 15:24:25.50 Running global cleanup code from study base classes.
Feb 08, 2012 15:27:52.69 Running global cleanup code from study base classes.
Feb 08, 2012 15:49:05.14 Running global cleanup code from study base classes.
Feb 08, 2012 16:00:58.42 Running global cleanup code from study base classes.
Feb 08, 2012 16:10:16.23 Running global cleanup code from study base classes.
Feb 08, 2012 16:12:02.05 Running global cleanup code from study base classes.
Feb 08, 2012 16:21:28.95 Running global cleanup code from study base classes.
Feb 08, 2012 16:26:58.69 Running global cleanup code from study base classes.
Feb 08, 2012 16:46:33.22 Running global cleanup code from study base classes.
Feb 08, 2012 17:08:28.75 Running global cleanup code from study base classes.
Feb 08, 2012 17:34:26.05 Running global cleanup code from study base classes.
Feb 08, 2012 17:39:56.14 Running global cleanup code from study base classes.
Feb 08, 2012 18:05:17.11 Running global cleanup code from study base classes.

Feb 08, 2012 19:21:16.05 NEW SESSION
Feb 08, 2012 19:21:16.05 Running global cleanup code from study base classes.
Feb 08, 2012 20:23:36.63 Running global cleanup code from study base classes.
Feb 08, 2012 21:12:45.77 Running global cleanup code from study base classes.
Feb 08, 2012 21:19:26.17 Running global cleanup code from study base classes.
Feb 08, 2012 21:21:28.73 Running global cleanup code from study base classes.

Feb 10, 2012 20:37:28.17 NEW SESSION
Feb 10, 2012 20:37:28.17 Running global cleanup code from study base classes.

Feb 23, 2012 15:46:27.36 NEW SESSION
Feb 23, 2012 15:46:27.36 Running global cleanup code from study base classes.
Feb 23, 2012 16:38:09.42 Running global cleanup code from study base classes.
Feb 23, 2012 17:44:45.80 Running global cleanup code from study base classes.
Feb 23, 2012 17:50:20.78 Running global cleanup code from study base classes.
Feb 23, 2012 18:06:33.86 Running global cleanup code from study base classes.

Feb 23, 2012 18:35:33.53 NEW SESSION
Feb 23, 2012 18:35:33.53 Running global cleanup code from study base classes.

Feb 23, 2012 19:23:55.39 NEW SESSION
Feb 23, 2012 19:23:55.39 Running global cleanup code from study base classes.

Feb 24, 2012 10:29:59.28 NEW SESSION
Feb 24, 2012 10:29:59.28 Running global cleanup code from study base classes.
Feb 24, 2012 10:30:24.02 Running global cleanup code from study base classes.

Feb 24, 2012 10:45:58.20 NEW SESSION
Feb 24, 2012 10:45:58.20 Running global cleanup code from study base classes.

Feb 25, 2012 17:56:28.78 NEW SESSION
Feb 25, 2012 17:56:28.78 Running global cleanup code from study base classes.

Feb 28, 2012 17:16:33.50 NEW SESSION
Feb 28, 2012 17:16:33.50 Running global cleanup code from study base classes.
Feb 28, 2012 17:29:47.58 Running global cleanup code from study base classes.
Feb 28, 2012 17:38:30.05 Running global cleanup code from study base classes.

Feb 28, 2012 17:46:06.02 NEW SESSION
Feb 28, 2012 17:46:06.02 Running global cleanup code from study base classes.

Feb 28, 2012 18:34:23.66 NEW SESSION
Feb 28, 2012 18:34:23.66 Running global cleanup code from study base classes.
Feb 28, 2012 18:37:58.56 Running global cleanup code from study base classes.

Feb 28, 2012 20:54:31.91 NEW SESSION
Feb 28, 2012 20:54:31.91 Running global cleanup code from study base classes.
Feb 28, 2012 21:28:45.86 Running global cleanup code from study base classes.
Feb 28, 2012 21:55:17.55 Running global cleanup code from study base classes.

Feb 28, 2012 23:44:46.83 NEW SESSION
Feb 28, 2012 23:44:46.83 Running global cleanup code from study base classes.
Feb 28, 2012 23:45:29.27 Running global cleanup code from study base classes.
Feb 28, 2012 23:51:36.95 Running global cleanup code from study base classes.
Feb 28, 2012 23:56:10.61 Running global cleanup code from study base classes.
Feb 29, 2012 24:20:43.67 Running global cleanup code from study base classes.
Feb 29, 2012 24:23:34.91 Running global cleanup code from study base classes.

Feb 29, 2012 23:13:16.20 NEW SESSION
Feb 29, 2012 23:13:16.20 Running global cleanup code from study base classes.

Feb 29, 2012 23:40:40.25 NEW SESSION
Feb 29, 2012 23:40:40.25 Running global cleanup code from study base classes.
Feb 29, 2012 23:41:48.75 Running global cleanup code from study base classes.
Feb 29, 2012 23:47:42.52 Running global cleanup code from study base classes.
Mar 01, 2012 24:17:08.58 Running global cleanup code from study base classes.

Mar 01, 2012 14:17:04.33 NEW SESSION
Mar 01, 2012 14:17:04.33 Running global cleanup code from study base classes.
Mar 01, 2012 14:20:20.84 Running global cleanup code from study base classes.
Mar 01, 2012 14:20:59.03 Running global cleanup code from study base classes.
Mar 01, 2012 14:21:54.11 Running global cleanup code from study base classes.

Mar 01, 2012 14:23:44.98 NEW SESSION
Mar 01, 2012 14:23:44.98 Running global cleanup code from study base classes.
Mar 01, 2012 14:24:43.28 Running global cleanup code from study base classes.
Mar 01, 2012 14:27:07.95 Running global cleanup code from study base classes.

Mar 01, 2012 15:33:29.95 NEW SESSION
Mar 01, 2012 15:33:29.95 Running global cleanup code from study base classes.
Mar 01, 2012 15:37:11.80 Running global cleanup code from study base classes.
Mar 01, 2012 15:59:03.41 Running global cleanup code from study base classes.
Mar 01, 2012 16:25:16.89 Running global cleanup code from study base classes.
Mar 01, 2012 16:31:09.14 Running global cleanup code from study base classes.
Mar 01, 2012 16:38:20.81 Running global cleanup code from study base classes.
Mar 01, 2012 18:00:54.25 Running global cleanup code from study base classes.
Mar 01, 2012 18:11:09.73 Running global cleanup code from study base classes.
Mar 01, 2012 18:17:02.20 Running global cleanup code from study base classes.

Mar 03, 2012 24:10:20.27 NEW SESSION
Mar 03, 2012 24:10:20.27 Running global cleanup code from study base classes.
Mar 03, 2012 24:18:07.67 Running global cleanup code from study base classes.

Mar 03, 2012 09:17:41.92 NEW SESSION
Mar 03, 2012 09:17:41.92 Running global cleanup code from study base classes.
Mar 03, 2012 09:23:02.39 Running global cleanup code from study base classes.

Mar 03, 2012 11:51:05.98 NEW SESSION
Mar 03, 2012 11:51:05.98 Running global cleanup code from study base classes.
Mar 03, 2012 12:08:02.75 Running global cleanup code from study base classes.
Mar 03, 2012 12:31:03.27 Running global cleanup code from study base classes.
Mar 03, 2012 13:03:32.80 Running global cleanup code from study base classes.
Mar 03, 2012 13:35:39.36 Running global cleanup code from study base classes.

Mar 03, 2012 14:10:22.23 NEW SESSION
Mar 03, 2012 14:10:22.23 Running global cleanup code from study base classes.
Mar 03, 2012 15:33:44.14 Running global cleanup code from study base classes.

Mar 03, 2012 17:38:24.30 NEW SESSION
Mar 03, 2012 17:38:24.30 Running global cleanup code from study base classes.
Mar 03, 2012 17:57:40.16 Running global cleanup code from study base classes.
Mar 03, 2012 18:05:31.73 Running global cleanup code from study base classes.
Mar 03, 2012 18:16:08.30 Running global cleanup code from study base classes.

Mar 06, 2012 23:58:02.28 NEW SESSION
Mar 06, 2012 23:58:02.28 Running global cleanup code from study base classes.

Mar 07, 2012 24:54:17.52 NEW SESSION
Mar 07, 2012 24:54:17.52 Running global cleanup code from study base classes.

Mar 11, 2012 12:38:12.39 NEW SESSION
Mar 11, 2012 12:38:12.39 Running global cleanup code from study base classes.

Mar 11, 2012 14:20:29.28 NEW SESSION
Mar 11, 2012 14:20:29.28 Running global cleanup code from study base classes.
Mar 11, 2012 14:58:06.83 Running global cleanup code from study base classes.
Mar 11, 2012 15:00:32.45 Running global cleanup code from study base classes.
Mar 11, 2012 15:11:56.59 Running global cleanup code from study base classes.
Mar 11, 2012 16:13:28.34 Running global cleanup code from study base classes.

Mar 11, 2012 19:34:40.22 NEW SESSION
Mar 11, 2012 19:34:40.22 Running global cleanup code from study base classes.
